
> jmap-webmail@1.0.0 dev
> next dev --turbopack

⚠ Port 3000 is in use by an unknown process, using available port 3001 instead.
▲ Next.js 16.1.1 (Turbopack)
- Local:         http://localhost:3001
- Network:       http://192.168.30.175:3001
- Environments: .env

✓ Starting...
✓ Ready in 441ms
(node:166641) Warning: `--localstorage-file` was provided without a valid path
(Use `node --trace-warnings ...` to show where the warning was created)
 GET /?id=7c887158-5152-4754-a823-033903abdc80&vscodeBrowserReqId=1767908897108 200 in 550ms (compile: 293ms, proxy.ts: 75ms, render: 183ms)
 GET /login 200 in 228ms (compile: 207ms, proxy.ts: 5ms, render: 15ms)
 GET /api/config 200 in 38ms (compile: 31ms, render: 8ms)
 GET /?id=7c887158-5152-4754-a823-033903abdc80&vscodeBrowserReqId=1767908904760 200 in 63ms (compile: 17ms, proxy.ts: 4ms, render: 42ms)
 GET /login 200 in 30ms (compile: 14ms, proxy.ts: 5ms, render: 11ms)
 GET /api/config 200 in 5ms (compile: 3ms, render: 3ms)
 GET / 200 in 35ms (compile: 13ms, proxy.ts: 4ms, render: 18ms)
 GET / 200 in 18ms (compile: 5ms, proxy.ts: 4ms, render: 10ms)
 GET /?id=7c887158-5152-4754-a823-033903abdc80&vscodeBrowserReqId=1767908982313 200 in 48ms (compile: 13ms, proxy.ts: 3ms, render: 32ms)
 GET /src/main.js 404 in 61ms (compile: 17ms, render: 44ms)
 GET /@vite/client 404 in 67ms (compile: 37ms, proxy.ts: 5ms, render: 25ms)
 GET /manifest.json 404 in 112ms (compile: 16ms, render: 96ms)
 GET /logo.png 404 in 112ms (compile: 33ms, render: 79ms)
 GET /sw.js 404 in 38ms (compile: 11ms, render: 26ms)
